# JRE version: OpenJDK Runtime Environment Temurin-17.0.12+7 (17.0.12+7) (build 17.0.12+7)
# Java VM: OpenJDK 64-Bit Server VM Temurin-17.0.12+7 (17.0.12+7, mixed mode, tiered, compressed oops, compressed class ptrs, parallel gc, windows-amd64)
GC Precious Log:
 CPUs: 4 total, 4 available
 Memory: 8077M
 Large Page Support: Disabled
 NUMA Support: Disabled
 Compressed Oops: Enabled (32-bit)
 Alignments: Space 512K, Generation 512K, Heap 2M
 Heap Min Capacity: 100M
 Heap Initial Capacity: 100M
 Heap Max Capacity: 1G
 Pre-touch: Disabled
 Parallel Workers: 4
Heap:
 PSYoungGen      total 8192K, used 8142K [0x00000000eab00000, 0x00000000eb500000, 0x0000000100000000)
  eden space 6144K, 99% used [0x00000000eab00000,0x00000000eb0f4968,0x00000000eb100000)
  from space 2048K, 99% used [0x00000000eb300000,0x00000000eb4fef60,0x00000000eb500000)
  to   space 1536K, 98% used [0x00000000eb180000,0x00000000eb2fbca0,0x00000000eb300000)
 ParOldGen       total 276992K, used 276980K [0x00000000c0000000, 0x00000000d0e80000, 0x00000000eab00000)
  object space 276992K, 99% used [0x00000000c0000000,0x00000000d0e7d158,0x00000000d0e80000)
 Metaspace       used 64154K, committed 65344K, reserved 1114112K
  class space    used 6870K, committed 7424K, reserved 1048576K
GC Heap History (20 events):
Event: 131.232 GC heap before
{Heap before GC invocations=324 (full 13):
 PSYoungGen      total 9728K, used 9712K [0x00000000eab00000, 0x00000000ebc80000, 0x0000000100000000)
  eden space 5120K, 100% used [0x00000000eab00000,0x00000000eb000000,0x00000000eb000000)
  from space 4608K, 99% used [0x00000000eb600000,0x00000000eba7c208,0x00000000eba80000)
  to   space 6144K, 0% used [0x00000000eb000000,0x00000000eb000000,0x00000000eb600000)
 ParOldGen       total 276480K, used 266363K [0x00000000c0000000, 0x00000000d0e00000, 0x00000000eab00000)
  object space 276480K, 96% used [0x00000000c0000000,0x00000000d041ef30,0x00000000d0e00000)
 Metaspace       used 64133K, committed 65344K, reserved 1114112K
  class space    used 6870K, committed 7424K, reserved 1048576K
}
Event: 131.239 GC heap after
{Heap after GC invocations=324 (full 13):
 PSYoungGen      total 8192K, used 2903K [0x00000000eab00000, 0x00000000eb800000, 0x0000000100000000)
  eden space 5120K, 0% used [0x00000000eab00000,0x00000000eab00000,0x00000000eb000000)
  from space 3072K, 94% used [0x00000000eb000000,0x00000000eb2d5d88,0x00000000eb300000)
  to   space 4096K, 0% used [0x00000000eb400000,0x00000000eb400000,0x00000000eb800000)
 ParOldGen       total 276480K, used 268749K [0x00000000c0000000, 0x00000000d0e00000, 0x00000000eab00000)
  object space 276480K, 97% used [0x00000000c0000000,0x00000000d06734c8,0x00000000d0e00000)
 Metaspace       used 64133K, committed 65344K, reserved 1114112K
  class space    used 6870K, committed 7424K, reserved 1048576K
}
Event: 131.280 GC heap before
{Heap before GC invocations=325 (full 13):
 PSYoungGen      total 8192K, used 8023K [0x00000000eab00000, 0x00000000eb800000, 0x0000000100000000)
  eden space 5120K, 100% used [0x00000000eab00000,0x00000000eb000000,0x00000000eb000000)
  from space 3072K, 94% used [0x00000000eb000000,0x00000000eb2d5d88,0x00000000eb300000)
  to   space 4096K, 0% used [0x00000000eb400000,0x00000000eb400000,0x00000000eb800000)
 ParOldGen       total 276480K, used 268749K [0x00000000c0000000, 0x00000000d0e00000, 0x00000000eab00000)
  object space 276480K, 97% used [0x00000000c0000000,0x00000000d06734c8,0x00000000d0e00000)
 Metaspace       used 64133K, committed 65344K, reserved 1114112K
  class space    used 6870K, committed 7424K, reserved 1048576K
}
Event: 131.291 GC heap after
{Heap after GC invocations=325 (full 13):
 PSYoungGen      total 9216K, used 2636K [0x00000000eab00000, 0x00000000eb700000, 0x0000000100000000)
  eden space 6144K, 0% used [0x00000000eab00000,0x00000000eab00000,0x00000000eb100000)
  from space 3072K, 85% used [0x00000000eb400000,0x00000000eb693248,0x00000000eb700000)
  to   space 3072K, 0% used [0x00000000eb100000,0x00000000eb100000,0x00000000eb400000)
 ParOldGen       total 276480K, used 269860K [0x00000000c0000000, 0x00000000d0e00000, 0x00000000eab00000)
  object space 276480K, 97% used [0x00000000c0000000,0x00000000d0789370,0x00000000d0e00000)
 Metaspace       used 64133K, committed 65344K, reserved 1114112K
  class space    used 6870K, committed 7424K, reserved 1048576K
}
Event: 131.346 GC heap before
{Heap before GC invocations=326 (full 13):
 PSYoungGen      total 9216K, used 8780K [0x00000000eab00000, 0x00000000eb700000, 0x0000000100000000)
  eden space 6144K, 100% used [0x00000000eab00000,0x00000000eb100000,0x00000000eb100000)
  from space 3072K, 85% used [0x00000000eb400000,0x00000000eb693248,0x00000000eb700000)
  to   space 3072K, 0% used [0x00000000eb100000,0x00000000eb100000,0x00000000eb400000)
 ParOldGen       total 276480K, used 269860K [0x00000000c0000000, 0x00000000d0e00000, 0x00000000eab00000)
  object space 276480K, 97% used [0x00000000c0000000,0x00000000d0789370,0x00000000d0e00000)
 Metaspace       used 64133K, committed 65344K, reserved 1114112K
  class space    used 6870K, committed 7424K, reserved 1048576K
}
Event: 131.359 GC heap after
{Heap after GC invocations=326 (full 13):
 PSYoungGen      total 9216K, used 1982K [0x00000000eab00000, 0x00000000eb700000, 0x0000000100000000)
  eden space 6144K, 0% used [0x00000000eab00000,0x00000000eab00000,0x00000000eb100000)
  from space 3072K, 64% used [0x00000000eb100000,0x00000000eb2efab0,0x00000000eb400000)
  to   space 2560K, 0% used [0x00000000eb480000,0x00000000eb480000,0x00000000eb700000)
 ParOldGen       total 276480K, used 271495K [0x00000000c0000000, 0x00000000d0e00000, 0x00000000eab00000)
  object space 276480K, 98% used [0x00000000c0000000,0x00000000d0921fe8,0x00000000d0e00000)
 Metaspace       used 64133K, committed 65344K, reserved 1114112K
  class space    used 6870K, committed 7424K, reserved 1048576K
}
Event: 131.644 GC heap before
{Heap before GC invocations=327 (full 13):
 PSYoungGen      total 9216K, used 8126K [0x00000000eab00000, 0x00000000eb700000, 0x0000000100000000)
  eden space 6144K, 100% used [0x00000000eab00000,0x00000000eb100000,0x00000000eb100000)
  from space 3072K, 64% used [0x00000000eb100000,0x00000000eb2efab0,0x00000000eb400000)
  to   space 2560K, 0% used [0x00000000eb480000,0x00000000eb480000,0x00000000eb700000)
 ParOldGen       total 276480K, used 271495K [0x00000000c0000000, 0x00000000d0e00000, 0x00000000eab00000)
  object space 276480K, 98% used [0x00000000c0000000,0x00000000d0921fe8,0x00000000d0e00000)
 Metaspace       used 64136K, committed 65344K, reserved 1114112K
  class space    used 6870K, committed 7424K, reserved 1048576K
}
Event: 131.651 GC heap after
{Heap after GC invocations=327 (full 13):
 PSYoungGen      total 7680K, used 1322K [0x00000000eab00000, 0x00000000eb600000, 0x0000000100000000)
  eden space 6144K, 0% used [0x00000000eab00000,0x00000000eab00000,0x00000000eb100000)
  from space 1536K, 86% used [0x00000000eb480000,0x00000000eb5cab18,0x00000000eb600000)
  to   space 2048K, 0% used [0x00000000eb200000,0x00000000eb200000,0x00000000eb400000)
 ParOldGen       total 276480K, used 273314K [0x00000000c0000000, 0x00000000d0e00000, 0x00000000eab00000)
  object space 276480K, 98% used [0x00000000c0000000,0x00000000d0ae8950,0x00000000d0e00000)
 Metaspace       used 64136K, committed 65344K, reserved 1114112K
  class space    used 6870K, committed 7424K, reserved 1048576K
}
Event: 131.724 GC heap before
{Heap before GC invocations=328 (full 13):
 PSYoungGen      total 7680K, used 7466K [0x00000000eab00000, 0x00000000eb600000, 0x0000000100000000)
  eden space 6144K, 100% used [0x00000000eab00000,0x00000000eb100000,0x00000000eb100000)
  from space 1536K, 86% used [0x00000000eb480000,0x00000000eb5cab18,0x00000000eb600000)
  to   space 2048K, 0% used [0x00000000eb200000,0x00000000eb200000,0x00000000eb400000)
 ParOldGen       total 276480K, used 273314K [0x00000000c0000000, 0x00000000d0e00000, 0x00000000eab00000)
  object space 276480K, 98% used [0x00000000c0000000,0x00000000d0ae8950,0x00000000d0e00000)
 Metaspace       used 64144K, committed 65344K, reserved 1114112K
  class space    used 6870K, committed 7424K, reserved 1048576K
}
Event: 131.727 GC heap after
{Heap after GC invocations=328 (full 13):
 PSYoungGen      total 8192K, used 322K [0x00000000eab00000, 0x00000000eb500000, 0x0000000100000000)
  eden space 6144K, 0% used [0x00000000eab00000,0x00000000eab00000,0x00000000eb100000)
  from space 2048K, 15% used [0x00000000eb200000,0x00000000eb250a60,0x00000000eb400000)
  to   space 1024K, 0% used [0x00000000eb400000,0x00000000eb400000,0x00000000eb500000)
 ParOldGen       total 276480K, used 274339K [0x00000000c0000000, 0x00000000d0e00000, 0x00000000eab00000)
  object space 276480K, 99% used [0x00000000c0000000,0x00000000d0be8e88,0x00000000d0e00000)
 Metaspace       used 64144K, committed 65344K, reserved 1114112K
  class space    used 6870K, committed 7424K, reserved 1048576K
}
Event: 131.883 GC heap before
{Heap before GC invocations=329 (full 13):
 PSYoungGen      total 8192K, used 6466K [0x00000000eab00000, 0x00000000eb500000, 0x0000000100000000)
  eden space 6144K, 100% used [0x00000000eab00000,0x00000000eb100000,0x00000000eb100000)
  from space 2048K, 15% used [0x00000000eb200000,0x00000000eb250a60,0x00000000eb400000)
  to   space 1024K, 0% used [0x00000000eb400000,0x00000000eb400000,0x00000000eb500000)
 ParOldGen       total 276480K, used 274339K [0x00000000c0000000, 0x00000000d0e00000, 0x00000000eab00000)
  object space 276480K, 99% used [0x00000000c0000000,0x00000000d0be8e88,0x00000000d0e00000)
 Metaspace       used 64147K, committed 65344K, reserved 1114112K
  class space    used 6870K, committed 7424K, reserved 1048576K
}
Event: 131.884 GC heap after
{Heap after GC invocations=329 (full 13):
 PSYoungGen      total 6656K, used 434K [0x00000000eab00000, 0x00000000eb480000, 0x0000000100000000)
  eden space 6144K, 0% used [0x00000000eab00000,0x00000000eab00000,0x00000000eb100000)
  from space 512K, 84% used [0x00000000eb400000,0x00000000eb46cb08,0x00000000eb480000)
  to   space 512K, 0% used [0x00000000eb380000,0x00000000eb380000,0x00000000eb400000)
 ParOldGen       total 276480K, used 274535K [0x00000000c0000000, 0x00000000d0e00000, 0x00000000eab00000)
  object space 276480K, 99% used [0x00000000c0000000,0x00000000d0c19c00,0x00000000d0e00000)
 Metaspace       used 64147K, committed 65344K, reserved 1114112K
  class space    used 6870K, committed 7424K, reserved 1048576K
}
Event: 132.121 GC heap before
{Heap before GC invocations=330 (full 13):
 PSYoungGen      total 6656K, used 6578K [0x00000000eab00000, 0x00000000eb480000, 0x0000000100000000)
  eden space 6144K, 100% used [0x00000000eab00000,0x00000000eb100000,0x00000000eb100000)
  from space 512K, 84% used [0x00000000eb400000,0x00000000eb46cb08,0x00000000eb480000)
  to   space 512K, 0% used [0x00000000eb380000,0x00000000eb380000,0x00000000eb400000)
 ParOldGen       total 276480K, used 274535K [0x00000000c0000000, 0x00000000d0e00000, 0x00000000eab00000)
  object space 276480K, 99% used [0x00000000c0000000,0x00000000d0c19c00,0x00000000d0e00000)
 Metaspace       used 64147K, committed 65344K, reserved 1114112K
  class space    used 6870K, committed 7424K, reserved 1048576K
}
Event: 132.123 GC heap after
{Heap after GC invocations=330 (full 13):
 PSYoungGen      total 6656K, used 390K [0x00000000eab00000, 0x00000000eb480000, 0x0000000100000000)
  eden space 6144K, 0% used [0x00000000eab00000,0x00000000eab00000,0x00000000eb100000)
  from space 512K, 76% used [0x00000000eb380000,0x00000000eb3e1990,0x00000000eb400000)
  to   space 512K, 0% used [0x00000000eb400000,0x00000000eb400000,0x00000000eb480000)
 ParOldGen       total 276480K, used 274535K [0x00000000c0000000, 0x00000000d0e00000, 0x00000000eab00000)
  object space 276480K, 99% used [0x00000000c0000000,0x00000000d0c19c00,0x00000000d0e00000)
 Metaspace       used 64147K, committed 65344K, reserved 1114112K
  class space    used 6870K, committed 7424K, reserved 1048576K
}
Event: 132.199 GC heap before
{Heap before GC invocations=331 (full 13):
 PSYoungGen      total 6656K, used 6534K [0x00000000eab00000, 0x00000000eb480000, 0x0000000100000000)
  eden space 6144K, 100% used [0x00000000eab00000,0x00000000eb100000,0x00000000eb100000)
  from space 512K, 76% used [0x00000000eb380000,0x00000000eb3e1990,0x00000000eb400000)
  to   space 512K, 0% used [0x00000000eb400000,0x00000000eb400000,0x00000000eb480000)
 ParOldGen       total 276480K, used 274535K [0x00000000c0000000, 0x00000000d0e00000, 0x00000000eab00000)
  object space 276480K, 99% used [0x00000000c0000000,0x00000000d0c19c00,0x00000000d0e00000)
 Metaspace       used 64148K, committed 65344K, reserved 1114112K
  class space    used 6870K, committed 7424K, reserved 1048576K
}
Event: 132.201 GC heap after
{Heap after GC invocations=331 (full 13):
 PSYoungGen      total 6656K, used 487K [0x00000000eab00000, 0x00000000eb480000, 0x0000000100000000)
  eden space 6144K, 0% used [0x00000000eab00000,0x00000000eab00000,0x00000000eb100000)
  from space 512K, 95% used [0x00000000eb400000,0x00000000eb479f78,0x00000000eb480000)
  to   space 1536K, 0% used [0x00000000eb180000,0x00000000eb180000,0x00000000eb300000)
 ParOldGen       total 276480K, used 275267K [0x00000000c0000000, 0x00000000d0e00000, 0x00000000eab00000)
  object space 276480K, 99% used [0x00000000c0000000,0x00000000d0cd0f90,0x00000000d0e00000)
 Metaspace       used 64148K, committed 65344K, reserved 1114112K
  class space    used 6870K, committed 7424K, reserved 1048576K
}
Event: 132.212 GC heap before
{Heap before GC invocations=332 (full 13):
 PSYoungGen      total 6656K, used 6631K [0x00000000eab00000, 0x00000000eb480000, 0x0000000100000000)
  eden space 6144K, 100% used [0x00000000eab00000,0x00000000eb100000,0x00000000eb100000)
  from space 512K, 95% used [0x00000000eb400000,0x00000000eb479f78,0x00000000eb480000)
  to   space 1536K, 0% used [0x00000000eb180000,0x00000000eb180000,0x00000000eb300000)
 ParOldGen       total 276480K, used 275267K [0x00000000c0000000, 0x00000000d0e00000, 0x00000000eab00000)
  object space 276480K, 99% used [0x00000000c0000000,0x00000000d0cd0f90,0x00000000d0e00000)
 Metaspace       used 64148K, committed 65344K, reserved 1114112K
  class space    used 6870K, committed 7424K, reserved 1048576K
}
Event: 132.213 GC heap after
{Heap after GC invocations=332 (full 13):
 PSYoungGen      total 7680K, used 1531K [0x00000000eab00000, 0x00000000eb500000, 0x0000000100000000)
  eden space 6144K, 0% used [0x00000000eab00000,0x00000000eab00000,0x00000000eb100000)
  from space 1536K, 99% used [0x00000000eb180000,0x00000000eb2fef28,0x00000000eb300000)
  to   space 2048K, 0% used [0x00000000eb300000,0x00000000eb300000,0x00000000eb500000)
 ParOldGen       total 276480K, used 275529K [0x00000000c0000000, 0x00000000d0e00000, 0x00000000eab00000)
  object space 276480K, 99% used [0x00000000c0000000,0x00000000d0d12428,0x00000000d0e00000)
 Metaspace       used 64148K, committed 65344K, reserved 1114112K
  class space    used 6870K, committed 7424K, reserved 1048576K
}
Event: 132.242 GC heap before
{Heap before GC invocations=333 (full 13):
 PSYoungGen      total 7680K, used 7675K [0x00000000eab00000, 0x00000000eb500000, 0x0000000100000000)
  eden space 6144K, 100% used [0x00000000eab00000,0x00000000eb100000,0x00000000eb100000)
  from space 1536K, 99% used [0x00000000eb180000,0x00000000eb2fef28,0x00000000eb300000)
  to   space 2048K, 0% used [0x00000000eb300000,0x00000000eb300000,0x00000000eb500000)
 ParOldGen       total 276480K, used 275529K [0x00000000c0000000, 0x00000000d0e00000, 0x00000000eab00000)
  object space 276480K, 99% used [0x00000000c0000000,0x00000000d0d12428,0x00000000d0e00000)
 Metaspace       used 64154K, committed 65344K, reserved 1114112K
  class space    used 6870K, committed 7424K, reserved 1048576K
}
Event: 132.245 GC heap after
{Heap after GC invocations=333 (full 13):
 PSYoungGen      total 8192K, used 2043K [0x00000000eab00000, 0x00000000eb500000, 0x0000000100000000)
  eden space 6144K, 0% used [0x00000000eab00000,0x00000000eab00000,0x00000000eb100000)
  from space 2048K, 99% used [0x00000000eb300000,0x00000000eb4fef60,0x00000000eb500000)
  to   space 1536K, 0% used [0x00000000eb180000,0x00000000eb180000,0x00000000eb300000)
 ParOldGen       total 276480K, used 275545K [0x00000000c0000000, 0x00000000d0e00000, 0x00000000eab00000)
  object space 276480K, 99% used [0x00000000c0000000,0x00000000d0d16428,0x00000000d0e00000)
 Metaspace       used 64154K, committed 65344K, reserved 1114112K
  class space    used 6870K, committed 7424K, reserved 1048576K
}

